<?xml version="1.0" encoding="UTF-8"?>
<!-- Generated by org.testng.reporters.JUnitXMLReporter -->
<testsuite hostname="Thilina-PC" ignored="10" name="Default test" tests="1" failures="0" timestamp="2022-07-09T17:13:34 IST" time="16.931" errors="0">
  <testcase name="lockedUserLoginTest" time="4.775" classname="com.MyTests.LoginTest"/>
  <testcase name="emptyUnameCorrectPasswordLoginTest" time="0.0" classname="com.MyTests.LoginTest">
    <ignored/>
  </testcase> <!-- emptyUnameCorrectPasswordLoginTest -->
  <testcase name="verifyLoginHeaderTest" time="0.0" classname="com.MyTests.LoginTest">
    <ignored/>
  </testcase> <!-- verifyLoginHeaderTest -->
  <testcase name="incorrectUnameCorrectPasswordLoginTest" time="0.0" classname="com.MyTests.LoginTest">
    <ignored/>
  </testcase> <!-- incorrectUnameCorrectPasswordLoginTest -->
  <testcase name="correctUnameEmptyPasswordLoginTest" time="0.0" classname="com.MyTests.LoginTest">
    <ignored/>
  </testcase> <!-- correctUnameEmptyPasswordLoginTest -->
  <testcase name="correctUnameIncorrectPasswordLoginTest" time="0.0" classname="com.MyTests.LoginTest">
    <ignored/>
  </testcase> <!-- correctUnameIncorrectPasswordLoginTest -->
  <testcase name="emptyUnamePasswordLoginTest" time="0.0" classname="com.MyTests.LoginTest">
    <ignored/>
  </testcase> <!-- emptyUnamePasswordLoginTest -->
  <testcase name="specialCharactersToEmailLoginTest" time="0.0" classname="com.MyTests.LoginTest">
    <ignored/>
  </testcase> <!-- specialCharactersToEmailLoginTest -->
  <testcase name="doLoginTest" time="0.0" classname="com.MyTests.LoginTest">
    <ignored/>
  </testcase> <!-- doLoginTest -->
  <testcase name="verifyLoginPageTitleTest" time="0.0" classname="com.MyTests.LoginTest">
    <ignored/>
  </testcase> <!-- verifyLoginPageTitleTest -->
  <testcase name="doLoginWithEnterTest" time="0.0" classname="com.MyTests.LoginTest">
    <ignored/>
  </testcase> <!-- doLoginWithEnterTest -->
</testsuite> <!-- Default test -->
