<?xml version="1.0" encoding="UTF-8"?>
<!-- Generated by org.testng.reporters.JUnitXMLReporter -->
<testsuite hostname="Thilina-PC" ignored="0" name="my hub spot test chrome" tests="11" failures="1" timestamp="2022-07-09T17:08:02 IST" time="159.925" errors="0">
  <testcase name="verifyLoginPageTitleTest" time="0.031" classname="com.MyTests.LoginTest"/>
  <testcase name="verifyLoginHeaderTest" time="0.1" classname="com.MyTests.LoginTest"/>
  <testcase name="emptyUnamePasswordLoginTest" time="0.229" classname="com.MyTests.LoginTest"/>
  <testcase name="emptyUnameCorrectPasswordLoginTest" time="0.237" classname="com.MyTests.LoginTest"/>
  <testcase name="correctUnameEmptyPasswordLoginTest" time="0.516" classname="com.MyTests.LoginTest"/>
  <testcase name="incorrectUnameCorrectPasswordLoginTest" time="0.884" classname="com.MyTests.LoginTest"/>
  <testcase name="correctUnameIncorrectPasswordLoginTest" time="3.504" classname="com.MyTests.LoginTest"/>
  <testcase name="specialCharactersToEmailLoginTest" time="0.77" classname="com.MyTests.LoginTest"/>
  <testcase name="doLoginTest" time="2.353" classname="com.MyTests.LoginTest"/>
  <testcase name="doLoginWithEnterTest" time="2.402" classname="com.MyTests.LoginTest"/>
  <testcase name="lockedUserLoginTest" time="0.935" classname="com.MyTests.LoginTest">
    <failure type="java.lang.AssertionError" message="expected [Account locked] but found [Log in]">
      <![CDATA[java.lang.AssertionError: expected [Account locked] but found [Log in]
at com.MyTests.LoginTest.lockedUserLoginTest(LoginTest.java:121)
at java.util.ArrayList.forEach(ArrayList.java:1257)
... Removed 33 stack frames]]>
    </failure>
  </testcase> <!-- lockedUserLoginTest -->
</testsuite> <!-- my hub spot test chrome -->
