<?xml version="1.0" encoding="UTF-8"?>
<testsuite xmlns:xsi="http://www.w3.org/2001/XMLSchema-instance" xsi:noNamespaceSchemaLocation="https://maven.apache.org/surefire/maven-surefire-plugin/xsd/surefire-test-report.xsd" name="TestSuite" time="159.036" tests="11" errors="0" skipped="0" failures="0">
  <properties>
[...]
</properties>
  <testcase name="verifyLoginPageTitleTest" classname="com.MyTests.LoginTest" time="0.04"/>
  <testcase name="verifyLoginHeaderTest" classname="com.MyTests.LoginTest" time="0.058"/>
  <testcase name="emptyUnamePasswordLoginTest" classname="com.MyTests.LoginTest" time="0.23"/>
  <testcase name="emptyUnameCorrectPasswordLoginTest" classname="com.MyTests.LoginTest" time="0.301"/>
  <testcase name="correctUnameEmptyPasswordLoginTest" classname="com.MyTests.LoginTest" time="0.255"/>
  <testcase name="incorrectUnameCorrectPasswordLoginTest" classname="com.MyTests.LoginTest" time="0.969"/>
  <testcase name="correctUnameIncorrectPasswordLoginTest" classname="com.MyTests.LoginTest" time="3.727"/>
  <testcase name="specialCharactersToEmailLoginTest" classname="com.MyTests.LoginTest" time="0.877"/>
  <testcase name="doLoginTest" classname="com.MyTests.LoginTest" time="1.786"/>
  <testcase name="doLoginWithEnterTest" classname="com.MyTests.LoginTest" time="2.024"/>
  <testcase name="lockedUserLoginTest" classname="com.MyTests.LoginTest" time="4.296"/>
</testsuite>