<?xml version="1.0" encoding="UTF-8"?>
<testng-results skipped="0" failed="0" ignored="10" total="11" passed="1">
  <reporter-output>
  </reporter-output>
  <suite name="Default suite" duration-ms="16931" started-at="2022-07-09T17:13:17 IST" finished-at="2022-07-09T17:13:34 IST">
    <groups>
    </groups>
    <test name="Default test" duration-ms="16931" started-at="2022-07-09T17:13:17 IST" finished-at="2022-07-09T17:13:34 IST">
      <class name="com.MyTests.LoginTest">
        <test-method status="PASS" signature="beforeClass()[pri:0, instance:com.MyTests.LoginTest@954b04f]" name="beforeClass" is-config="true" duration-ms="7" started-at="2022-07-09T17:13:17 IST" finished-at="2022-07-09T17:13:17 IST">
          <reporter-output>
          </reporter-output>
        </test-method> <!-- beforeClass -->
        <test-method status="PASS" signature="setUpTest()[pri:0, instance:com.MyTests.LoginTest@954b04f]" name="setUpTest" is-config="true" duration-ms="11167" started-at="2022-07-09T17:13:17 IST" finished-at="2022-07-09T17:13:28 IST">
          <reporter-output>
          </reporter-output>
        </test-method> <!-- setUpTest -->
        <test-method status="PASS" signature="lockedUserLoginTest()[pri:11, instance:com.MyTests.LoginTest@954b04f]" name="lockedUserLoginTest" duration-ms="4775" started-at="2022-07-09T17:13:28 IST" finished-at="2022-07-09T17:13:33 IST">
          <reporter-output>
          </reporter-output>
        </test-method> <!-- lockedUserLoginTest -->
        <test-method status="PASS" signature="tearDown()[pri:0, instance:com.MyTests.LoginTest@954b04f]" name="tearDown" is-config="true" duration-ms="947" started-at="2022-07-09T17:13:33 IST" finished-at="2022-07-09T17:13:34 IST">
          <reporter-output>
          </reporter-output>
        </test-method> <!-- tearDown -->
        <test-method status="PASS" signature="afterClass()[pri:0, instance:com.MyTests.LoginTest@954b04f]" name="afterClass" is-config="true" duration-ms="1" started-at="2022-07-09T17:13:34 IST" finished-at="2022-07-09T17:13:34 IST">
          <reporter-output>
          </reporter-output>
        </test-method> <!-- afterClass -->
      </class> <!-- com.MyTests.LoginTest -->
    </test> <!-- Default test -->
  </suite> <!-- Default suite -->
</testng-results>
